{
  "0 debug pnpm:scope": {
    "selected": 1
  },
  "1 debug pnpm:package-manifest": {
    "initial": {
      "name": "@f8ith/flix",
      "type": "module",
      "description": "flix, stream any show from your terminal.",
      "version": "4.0.3",
      "author": {
        "name": "f8ith"
      },
      "bin": {
        "flix": "./bin/cmd.js"
      },
      "bugs": {
        "url": "https://github.com/f8ith/flix/issues"
      },
      "dependencies": {
        "chalk": "^4.1.1",
        "common-tags": "^1.8.0",
        "create-torrent": "^5.0.0",
        "dlnacasts": "^0.1.0",
        "ecstatic": "^4.1.4",
        "memory-chunk-store": "^1.3.5",
        "mime": "^3.0.0",
        "moment": "^2.29.1",
        "network-address": "^1.1.2",
        "open": "^8.2.1",
        "parse-torrent": "^9.1.3",
        "prettier-bytes": "^1.0.4",
        "vlc-command": "^1.2.0",
        "yargs": "^17.0.1",
        "webtorrent": "^1.3.2",
        "winreg": "^1.2.4"
      },
      "devDependencies": {
        "@webtorrent/semantic-release-config": "1.0.7",
        "cross-spawn": "7.0.3",
        "semantic-release": "17.4.7",
        "standard": "*",
        "tape": "5.5.2",
        "flix-fixtures": "1.7.5",
        "xtend": "4.0.2"
      },
      "engines": {
        "node": ">=12.20.0"
      },
      "exports": {
        "./bin/cmd.js": "./bin/cmd.js"
      },
      "homepage": "https://github.com/f8ith/flix",
      "keywords": [
        "bittorrent",
        "bittorrent client",
        "download",
        "mad science",
        "streaming",
        "torrent",
        "webrtc",
        "webrtc data",
        "flix"
      ],
      "license": "MIT",
      "optionalDependencies": {
        "airplay-js": "^0.3.0",
        "chromecasts": "^1.10.0",
        "nodebmc": "0.0.7"
      },
      "preferGlobal": true,
      "repository": {
        "type": "git",
        "url": "https://github.com/f8ith/flix.git"
      },
      "scripts": {
        "test": "standard && tape test/*.js",
        "update-authors": "./tools/update-authors.sh"
      },
      "release": {
        "extends": "@webtorrent/semantic-release-config"
      }
    },
    "prefix": "/home/faith/git/flix"
  },
  "2 debug pnpm:context": {
    "currentLockfileExists": false,
    "storeDir": "/home/faith/.pnpm-store/v3",
    "virtualStoreDir": "/home/faith/git/flix/node_modules/.pnpm"
  },
  "3 debug pnpm:stage": {
    "prefix": "/home/faith/git/flix",
    "stage": "resolution_started"
  },
  "4 debug pnpm:_dependency_resolved": {
    "resolution": "registry.npmjs.org/cross-spawn/7.0.3",
    "wanted": {
      "dependentId": ".",
      "name": "cross-spawn",
      "rawSpec": "7.0.3"
    }
  },
  "5 debug pnpm:progress": {
    "packageId": "registry.npmjs.org/cross-spawn/7.0.3",
    "requester": "/home/faith/git/flix",
    "status": "resolved"
  },
  "6 debug pnpm:_dependency_resolved": {
    "resolution": "registry.npmjs.org/tape/5.5.2",
    "wanted": {
      "dependentId": ".",
      "name": "tape",
      "rawSpec": "5.5.2"
    }
  },
  "7 debug pnpm:progress": {
    "packageId": "registry.npmjs.org/tape/5.5.2",
    "requester": "/home/faith/git/flix",
    "status": "resolved"
  },
  "8 debug pnpm:_dependency_resolved": {
    "resolution": "registry.npmjs.org/xtend/4.0.2",
    "wanted": {
      "dependentId": ".",
      "name": "xtend",
      "rawSpec": "4.0.2"
    }
  },
  "9 debug pnpm:progress": {
    "packageId": "registry.npmjs.org/xtend/4.0.2",
    "requester": "/home/faith/git/flix",
    "status": "resolved"
  },
  "10 debug pnpm:_dependency_resolved": {
    "resolution": "registry.npmjs.org/semantic-release/17.4.7",
    "wanted": {
      "dependentId": ".",
      "name": "semantic-release",
      "rawSpec": "17.4.7"
    }
  },
  "11 debug pnpm:progress": {
    "packageId": "registry.npmjs.org/semantic-release/17.4.7",
    "requester": "/home/faith/git/flix",
    "status": "resolved"
  },
  "12 debug pnpm:progress": {
    "packageId": "registry.npmjs.org/cross-spawn/7.0.3",
    "requester": "/home/faith/git/flix",
    "status": "found_in_store"
  },
  "13 debug pnpm:progress": {
    "packageId": "registry.npmjs.org/tape/5.5.2",
    "requester": "/home/faith/git/flix",
    "status": "found_in_store"
  },
  "14 debug pnpm:progress": {
    "packageId": "registry.npmjs.org/xtend/4.0.2",
    "requester": "/home/faith/git/flix",
    "status": "found_in_store"
  },
  "15 debug pnpm:progress": {
    "packageId": "registry.npmjs.org/semantic-release/17.4.7",
    "requester": "/home/faith/git/flix",
    "status": "found_in_store"
  },
  "16 debug pnpm:_dependency_resolved": {
    "resolution": "registry.npmjs.org/chalk/4.1.2",
    "wanted": {
      "dependentId": ".",
      "name": "chalk",
      "rawSpec": "^4.1.1"
    }
  },
  "17 debug pnpm:progress": {
    "packageId": "registry.npmjs.org/chalk/4.1.2",
    "requester": "/home/faith/git/flix",
    "status": "resolved"
  },
  "18 debug pnpm:_dependency_resolved": {
    "resolution": "registry.npmjs.org/common-tags/1.8.2",
    "wanted": {
      "dependentId": ".",
      "name": "common-tags",
      "rawSpec": "^1.8.0"
    }
  },
  "19 debug pnpm:progress": {
    "packageId": "registry.npmjs.org/common-tags/1.8.2",
    "requester": "/home/faith/git/flix",
    "status": "resolved"
  },
  "20 debug pnpm:progress": {
    "packageId": "registry.npmjs.org/common-tags/1.8.2",
    "requester": "/home/faith/git/flix",
    "status": "found_in_store"
  },
  "21 debug pnpm:progress": {
    "packageId": "registry.npmjs.org/chalk/4.1.2",
    "requester": "/home/faith/git/flix",
    "status": "found_in_store"
  },
  "22 debug pnpm:_dependency_resolved": {
    "resolution": "registry.npmjs.org/create-torrent/5.0.1",
    "wanted": {
      "dependentId": ".",
      "name": "create-torrent",
      "rawSpec": "^5.0.0"
    }
  },
  "23 debug pnpm:progress": {
    "packageId": "registry.npmjs.org/create-torrent/5.0.1",
    "requester": "/home/faith/git/flix",
    "status": "resolved"
  },
  "24 debug pnpm:progress": {
    "packageId": "registry.npmjs.org/create-torrent/5.0.1",
    "requester": "/home/faith/git/flix",
    "status": "found_in_store"
  },
  "25 debug pnpm:_dependency_resolved": {
    "resolution": "registry.npmjs.org/standard/16.0.4",
    "wanted": {
      "dependentId": ".",
      "name": "standard",
      "rawSpec": "*"
    }
  },
  "26 debug pnpm:progress": {
    "packageId": "registry.npmjs.org/standard/16.0.4",
    "requester": "/home/faith/git/flix",
    "status": "resolved"
  },
  "27 debug pnpm:_dependency_resolved": {
    "resolution": "registry.npmjs.org/memory-chunk-store/1.3.5",
    "wanted": {
      "dependentId": ".",
      "name": "memory-chunk-store",
      "rawSpec": "^1.3.5"
    }
  },
  "28 debug pnpm:progress": {
    "packageId": "registry.npmjs.org/memory-chunk-store/1.3.5",
    "requester": "/home/faith/git/flix",
    "status": "resolved"
  },
  "29 debug pnpm:progress": {
    "packageId": "registry.npmjs.org/standard/16.0.4",
    "requester": "/home/faith/git/flix",
    "status": "found_in_store"
  },
  "30 debug pnpm:progress": {
    "packageId": "registry.npmjs.org/memory-chunk-store/1.3.5",
    "requester": "/home/faith/git/flix",
    "status": "found_in_store"
  },
  "31 debug pnpm:_dependency_resolved": {
    "resolution": "registry.npmjs.org/dlnacasts/0.1.0",
    "wanted": {
      "dependentId": ".",
      "name": "dlnacasts",
      "rawSpec": "^0.1.0"
    }
  },
  "32 debug pnpm:progress": {
    "packageId": "registry.npmjs.org/dlnacasts/0.1.0",
    "requester": "/home/faith/git/flix",
    "status": "resolved"
  },
  "33 debug pnpm:progress": {
    "packageId": "registry.npmjs.org/dlnacasts/0.1.0",
    "requester": "/home/faith/git/flix",
    "status": "found_in_store"
  },
  "34 debug pnpm:_dependency_resolved": {
    "resolution": "registry.npmjs.org/mime/3.0.0",
    "wanted": {
      "dependentId": ".",
      "name": "mime",
      "rawSpec": "^3.0.0"
    }
  },
  "35 debug pnpm:progress": {
    "packageId": "registry.npmjs.org/mime/3.0.0",
    "requester": "/home/faith/git/flix",
    "status": "resolved"
  },
  "36 debug pnpm:progress": {
    "packageId": "registry.npmjs.org/mime/3.0.0",
    "requester": "/home/faith/git/flix",
    "status": "found_in_store"
  },
  "37 debug pnpm:_dependency_resolved": {
    "resolution": "registry.npmjs.org/ecstatic/4.1.4",
    "wanted": {
      "dependentId": ".",
      "name": "ecstatic",
      "rawSpec": "^4.1.4"
    }
  },
  "38 debug pnpm:deprecation": {
    "deprecated": "This package is unmaintained and deprecated. See the GH Issue 259.",
    "depth": 0,
    "pkgId": "registry.npmjs.org/ecstatic/4.1.4",
    "pkgName": "ecstatic",
    "pkgVersion": "4.1.4",
    "prefix": "/home/faith/git/flix"
  },
  "39 debug pnpm:progress": {
    "packageId": "registry.npmjs.org/ecstatic/4.1.4",
    "requester": "/home/faith/git/flix",
    "status": "resolved"
  },
  "40 debug pnpm:_dependency_resolved": {
    "resolution": "registry.npmjs.org/yargs/17.3.1",
    "wanted": {
      "dependentId": ".",
      "name": "yargs",
      "rawSpec": "^17.0.1"
    }
  },
  "41 debug pnpm:progress": {
    "packageId": "registry.npmjs.org/yargs/17.3.1",
    "requester": "/home/faith/git/flix",
    "status": "resolved"
  },
  "42 debug pnpm:_dependency_resolved": {
    "resolution": "registry.npmjs.org/winreg/1.2.4",
    "wanted": {
      "dependentId": ".",
      "name": "winreg",
      "rawSpec": "^1.2.4"
    }
  },
  "43 debug pnpm:progress": {
    "packageId": "registry.npmjs.org/winreg/1.2.4",
    "requester": "/home/faith/git/flix",
    "status": "resolved"
  },
  "44 debug pnpm:_dependency_resolved": {
    "resolution": "registry.npmjs.org/airplay-js/0.3.0",
    "wanted": {
      "dependentId": ".",
      "name": "airplay-js",
      "rawSpec": "^0.3.0"
    }
  },
  "45 debug pnpm:progress": {
    "packageId": "registry.npmjs.org/airplay-js/0.3.0",
    "requester": "/home/faith/git/flix",
    "status": "resolved"
  },
  "46 debug pnpm:_dependency_resolved": {
    "resolution": "registry.npmjs.org/chromecasts/1.10.2",
    "wanted": {
      "dependentId": ".",
      "name": "chromecasts",
      "rawSpec": "^1.10.0"
    }
  },
  "47 debug pnpm:progress": {
    "packageId": "registry.npmjs.org/chromecasts/1.10.2",
    "requester": "/home/faith/git/flix",
    "status": "resolved"
  },
  "48 debug pnpm:progress": {
    "packageId": "registry.npmjs.org/ecstatic/4.1.4",
    "requester": "/home/faith/git/flix",
    "status": "found_in_store"
  },
  "49 debug pnpm:progress": {
    "packageId": "registry.npmjs.org/yargs/17.3.1",
    "requester": "/home/faith/git/flix",
    "status": "found_in_store"
  },
  "50 debug pnpm:progress": {
    "packageId": "registry.npmjs.org/winreg/1.2.4",
    "requester": "/home/faith/git/flix",
    "status": "found_in_store"
  },
  "51 debug pnpm:_dependency_resolved": {
    "resolution": "registry.npmjs.org/nodebmc/0.0.7",
    "wanted": {
      "dependentId": ".",
      "name": "nodebmc",
      "rawSpec": "0.0.7"
    }
  },
  "52 debug pnpm:progress": {
    "packageId": "registry.npmjs.org/nodebmc/0.0.7",
    "requester": "/home/faith/git/flix",
    "status": "resolved"
  },
  "53 debug pnpm:fetching-progress": {
    "attempt": 1,
    "packageId": "registry.npmjs.org/airplay-js/0.3.0",
    "size": 11882,
    "status": "started"
  },
  "54 debug pnpm:fetching-progress": {
    "attempt": 1,
    "packageId": "registry.npmjs.org/chromecasts/1.10.2",
    "size": 3918,
    "status": "started"
  },
  "55 debug pnpm:_dependency_resolved": {
    "resolution": "registry.npmjs.org/network-address/1.1.2",
    "wanted": {
      "dependentId": ".",
      "name": "network-address",
      "rawSpec": "^1.1.2"
    }
  },
  "56 debug pnpm:progress": {
    "packageId": "registry.npmjs.org/network-address/1.1.2",
    "requester": "/home/faith/git/flix",
    "status": "resolved"
  },
  "57 debug pnpm:_dependency_resolved": {
    "resolution": "registry.npmjs.org/moment/2.29.1",
    "wanted": {
      "dependentId": ".",
      "name": "moment",
      "rawSpec": "^2.29.1"
    }
  },
  "58 debug pnpm:progress": {
    "packageId": "registry.npmjs.org/moment/2.29.1",
    "requester": "/home/faith/git/flix",
    "status": "resolved"
  },
  "59 debug pnpm:fetching-progress": {
    "attempt": 1,
    "packageId": "registry.npmjs.org/nodebmc/0.0.7",
    "size": 2174,
    "status": "started"
  },
  "60 debug pnpm:progress": {
    "packageId": "registry.npmjs.org/network-address/1.1.2",
    "requester": "/home/faith/git/flix",
    "status": "found_in_store"
  },
  "61 debug pnpm:progress": {
    "packageId": "registry.npmjs.org/chromecasts/1.10.2",
    "requester": "/home/faith/git/flix",
    "status": "fetched"
  },
  "62 debug pnpm:progress": {
    "packageId": "registry.npmjs.org/airplay-js/0.3.0",
    "requester": "/home/faith/git/flix",
    "status": "fetched"
  },
  "63 debug pnpm:progress": {
    "packageId": "registry.npmjs.org/nodebmc/0.0.7",
    "requester": "/home/faith/git/flix",
    "status": "fetched"
  },
  "64 debug pnpm:progress": {
    "packageId": "registry.npmjs.org/moment/2.29.1",
    "requester": "/home/faith/git/flix",
    "status": "found_in_store"
  },
  "65 debug pnpm:_dependency_resolved": {
    "resolution": "registry.npmjs.org/prettier-bytes/1.0.4",
    "wanted": {
      "dependentId": ".",
      "name": "prettier-bytes",
      "rawSpec": "^1.0.4"
    }
  },
  "66 debug pnpm:progress": {
    "packageId": "registry.npmjs.org/prettier-bytes/1.0.4",
    "requester": "/home/faith/git/flix",
    "status": "resolved"
  },
  "67 debug pnpm:progress": {
    "packageId": "registry.npmjs.org/prettier-bytes/1.0.4",
    "requester": "/home/faith/git/flix",
    "status": "found_in_store"
  },
  "68 debug pnpm:_dependency_resolved": {
    "resolution": "registry.npmjs.org/parse-torrent/9.1.4",
    "wanted": {
      "dependentId": ".",
      "name": "parse-torrent",
      "rawSpec": "^9.1.3"
    }
  },
  "69 debug pnpm:progress": {
    "packageId": "registry.npmjs.org/parse-torrent/9.1.4",
    "requester": "/home/faith/git/flix",
    "status": "resolved"
  },
  "70 debug pnpm:_dependency_resolved": {
    "resolution": "registry.npmjs.org/vlc-command/1.2.0",
    "wanted": {
      "dependentId": ".",
      "name": "vlc-command",
      "rawSpec": "^1.2.0"
    }
  },
  "71 debug pnpm:progress": {
    "packageId": "registry.npmjs.org/vlc-command/1.2.0",
    "requester": "/home/faith/git/flix",
    "status": "resolved"
  },
  "72 debug pnpm:progress": {
    "packageId": "registry.npmjs.org/vlc-command/1.2.0",
    "requester": "/home/faith/git/flix",
    "status": "found_in_store"
  },
  "73 debug pnpm:_dependency_resolved": {
    "resolution": "registry.npmjs.org/open/8.4.0",
    "wanted": {
      "dependentId": ".",
      "name": "open",
      "rawSpec": "^8.2.1"
    }
  },
  "74 debug pnpm:progress": {
    "packageId": "registry.npmjs.org/open/8.4.0",
    "requester": "/home/faith/git/flix",
    "status": "resolved"
  },
  "75 debug pnpm:progress": {
    "packageId": "registry.npmjs.org/open/8.4.0",
    "requester": "/home/faith/git/flix",
    "status": "found_in_store"
  },
  "76 error pnpm": {
    "code": "ERR_PNPM_FETCH_404",
    "hint": "flix-fixtures is not in the npm registry, or you have no permission to fetch it.\n\nNo authorization header was set for the request.",
    "request": {
      "url": "https://registry.npmjs.org/flix-fixtures"
    },
    "response": {
      "size": 0,
      "timeout": 60000
    },
    "pkgName": "flix-fixtures",
    "pkgsStack": [],
    "err": {
      "name": "Error",
      "message": "GET https://registry.npmjs.org/flix-fixtures: Not Found - 404",
      "code": "ERR_PNPM_FETCH_404",
      "stack": "Error: GET https://registry.npmjs.org/flix-fixtures: Not Found - 404\n    at RetryOperation._fn (/home/faith/.npm/pnpm-global/5/node_modules/.pnpm/pnpm@6.14.3/node_modules/pnpm/dist/pnpm.cjs:84496:18)\n    at processTicksAndRejections (node:internal/process/task_queues:96:5)"
    }
  }
}